{"numFailedTestSuites":1,"numFailedTests":1,"numPassedTestSuites":0,"numPassedTests":14,"numPendingTestSuites":0,"numPendingTests":0,"numRuntimeErrorTestSuites":0,"numTodoTests":0,"numTotalTestSuites":1,"numTotalTests":15,"openHandles":[],"snapshot":{"added":0,"didUpdate":false,"failure":false,"filesAdded":0,"filesRemoved":0,"filesRemovedList":[],"filesUnmatched":0,"filesUpdated":0,"matched":0,"total":0,"unchecked":0,"uncheckedKeysByFile":[],"unmatched":0,"updated":0},"startTime":1770562268220,"success":false,"testResults":[{"assertionResults":[{"ancestorTitles":["AuthService","login"],"duration":32,"failureDetails":[],"failureMessages":[],"fullName":"AuthService login should throw error if email is missing","invocations":1,"location":null,"numPassingAsserts":3,"retryReasons":[],"status":"passed","title":"should throw error if email is missing"},{"ancestorTitles":["AuthService","login"],"duration":2,"failureDetails":[],"failureMessages":[],"fullName":"AuthService login should throw error if email is not a string","invocations":1,"location":null,"numPassingAsserts":1,"retryReasons":[],"status":"passed","title":"should throw error if email is not a string"},{"ancestorTitles":["AuthService","login"],"duration":2,"failureDetails":[],"failureMessages":[],"fullName":"AuthService login should throw error if email is empty whitespace","invocations":1,"location":null,"numPassingAsserts":1,"retryReasons":[],"status":"passed","title":"should throw error if email is empty whitespace"},{"ancestorTitles":["AuthService","login"],"duration":3,"failureDetails":[],"failureMessages":[],"fullName":"AuthService login should throw error for invalid email format","invocations":1,"location":null,"numPassingAsserts":1,"retryReasons":[],"status":"passed","title":"should throw error for invalid email format"},{"ancestorTitles":["AuthService","login"],"duration":2,"failureDetails":[],"failureMessages":[],"fullName":"AuthService login should throw error if email is too long","invocations":1,"location":null,"numPassingAsserts":1,"retryReasons":[],"status":"passed","title":"should throw error if email is too long"},{"ancestorTitles":["AuthService","login"],"duration":45,"failureDetails":[{"matcherResult":{"message":"\u001b[2mexpect(\u001b[22m\u001b[31mreceived\u001b[39m\u001b[2m).\u001b[22mrejects\u001b[2m.\u001b[22mtoThrow\u001b[2m(\u001b[22m\u001b[32mexpected\u001b[39m\u001b[2m)\u001b[22m\n\nExpected substring: \u001b[32m\"Email invalid characters\"\u001b[39m\nReceived message:   \u001b[31m\"Email invalid format\"\u001b[39m\n\n    \u001b[0m \u001b[90m 24 |\u001b[39m         \u001b[36mconst\u001b[39m emailRegex \u001b[33m=\u001b[39m \u001b[35m/^[^\\s@]+@[^\\s@]+\\.[^\\s@]+$/\u001b[39m\u001b[33m;\u001b[39m\n     \u001b[90m 25 |\u001b[39m         \u001b[36mif\u001b[39m (\u001b[33m!\u001b[39memailRegex\u001b[33m.\u001b[39mtest(email)) {\n    \u001b[31m\u001b[1m>\u001b[22m\u001b[39m\u001b[90m 26 |\u001b[39m             \u001b[36mthrow\u001b[39m \u001b[36mnew\u001b[39m \u001b[33mError\u001b[39m(\u001b[32m\"Email invalid format\"\u001b[39m)\u001b[33m;\u001b[39m\n     \u001b[90m    |\u001b[39m                   \u001b[31m\u001b[1m^\u001b[22m\u001b[39m\n     \u001b[90m 27 |\u001b[39m         }\n     \u001b[90m 28 |\u001b[39m         \u001b[36mif\u001b[39m (email\u001b[33m.\u001b[39mlength \u001b[33m>\u001b[39m \u001b[35m254\u001b[39m) {\n     \u001b[90m 29 |\u001b[39m             \u001b[36mthrow\u001b[39m \u001b[36mnew\u001b[39m \u001b[33mError\u001b[39m(\u001b[32m\"Email too long\"\u001b[39m)\u001b[33m;\u001b[39m\u001b[0m\n\n      \u001b[2mat AuthService.login (\u001b[22msrc/service/AuthService.ts\u001b[2m:26:19)\u001b[22m\n      \u001b[2mat Object.<anonymous> (\u001b[22mtests/service/AuthService.test.ts\u001b[2m:54:38)\u001b[22m","pass":false},"message":"\u001b[2mexpect(\u001b[22m\u001b[31mreceived\u001b[39m\u001b[2m).\u001b[22mrejects\u001b[2m.\u001b[22mtoThrow\u001b[2m(\u001b[22m\u001b[32mexpected\u001b[39m\u001b[2m)\u001b[22m\n\nExpected substring: \u001b[32m\"Email invalid characters\"\u001b[39m\nReceived message:   \u001b[31m\"Email invalid format\"\u001b[39m\n\n    \u001b[0m \u001b[90m 24 |\u001b[39m         \u001b[36mconst\u001b[39m emailRegex \u001b[33m=\u001b[39m \u001b[35m/^[^\\s@]+@[^\\s@]+\\.[^\\s@]+$/\u001b[39m\u001b[33m;\u001b[39m\n     \u001b[90m 25 |\u001b[39m         \u001b[36mif\u001b[39m (\u001b[33m!\u001b[39memailRegex\u001b[33m.\u001b[39mtest(email)) {\n    \u001b[31m\u001b[1m>\u001b[22m\u001b[39m\u001b[90m 26 |\u001b[39m             \u001b[36mthrow\u001b[39m \u001b[36mnew\u001b[39m \u001b[33mError\u001b[39m(\u001b[32m\"Email invalid format\"\u001b[39m)\u001b[33m;\u001b[39m\n     \u001b[90m    |\u001b[39m                   \u001b[31m\u001b[1m^\u001b[22m\u001b[39m\n     \u001b[90m 27 |\u001b[39m         }\n     \u001b[90m 28 |\u001b[39m         \u001b[36mif\u001b[39m (email\u001b[33m.\u001b[39mlength \u001b[33m>\u001b[39m \u001b[35m254\u001b[39m) {\n     \u001b[90m 29 |\u001b[39m             \u001b[36mthrow\u001b[39m \u001b[36mnew\u001b[39m \u001b[33mError\u001b[39m(\u001b[32m\"Email too long\"\u001b[39m)\u001b[33m;\u001b[39m\u001b[0m\n\n      \u001b[2mat AuthService.login (\u001b[22msrc/service/AuthService.ts\u001b[2m:26:19)\u001b[22m\n      \u001b[2mat Object.<anonymous> (\u001b[22mtests/service/AuthService.test.ts\u001b[2m:54:38)\u001b[22m"}],"failureMessages":["Error: \u001b[2mexpect(\u001b[22m\u001b[31mreceived\u001b[39m\u001b[2m).\u001b[22mrejects\u001b[2m.\u001b[22mtoThrow\u001b[2m(\u001b[22m\u001b[32mexpected\u001b[39m\u001b[2m)\u001b[22m\n\nExpected substring: \u001b[32m\"Email invalid characters\"\u001b[39m\nReceived message:   \u001b[31m\"Email invalid format\"\u001b[39m\n\n    \u001b[0m \u001b[90m 24 |\u001b[39m         \u001b[36mconst\u001b[39m emailRegex \u001b[33m=\u001b[39m \u001b[35m/^[^\\s@]+@[^\\s@]+\\.[^\\s@]+$/\u001b[39m\u001b[33m;\u001b[39m\n     \u001b[90m 25 |\u001b[39m         \u001b[36mif\u001b[39m (\u001b[33m!\u001b[39memailRegex\u001b[33m.\u001b[39mtest(email)) {\n    \u001b[31m\u001b[1m>\u001b[22m\u001b[39m\u001b[90m 26 |\u001b[39m             \u001b[36mthrow\u001b[39m \u001b[36mnew\u001b[39m \u001b[33mError\u001b[39m(\u001b[32m\"Email invalid format\"\u001b[39m)\u001b[33m;\u001b[39m\n     \u001b[90m    |\u001b[39m                   \u001b[31m\u001b[1m^\u001b[22m\u001b[39m\n     \u001b[90m 27 |\u001b[39m         }\n     \u001b[90m 28 |\u001b[39m         \u001b[36mif\u001b[39m (email\u001b[33m.\u001b[39mlength \u001b[33m>\u001b[39m \u001b[35m254\u001b[39m) {\n     \u001b[90m 29 |\u001b[39m             \u001b[36mthrow\u001b[39m \u001b[36mnew\u001b[39m \u001b[33mError\u001b[39m(\u001b[32m\"Email too long\"\u001b[39m)\u001b[33m;\u001b[39m\u001b[0m\n\n      \u001b[2mat AuthService.login (\u001b[22msrc/service/AuthService.ts\u001b[2m:26:19)\u001b[22m\n      \u001b[2mat Object.<anonymous> (\u001b[22mtests/service/AuthService.test.ts\u001b[2m:54:38)\u001b[22m\n    at Object.toThrow (C:\\Users\\Anjali Varma\\Desktop\\coding\\MarwadTech\\backend\\node_modules\\expect\\build\\index.js:218:22)\n    at Object.<anonymous> (C:\\Users\\Anjali Varma\\Desktop\\coding\\MarwadTech\\backend\\tests\\service\\AuthService.test.ts:54:82)\n    at Promise.then.completed (C:\\Users\\Anjali Varma\\Desktop\\coding\\MarwadTech\\backend\\node_modules\\jest-circus\\build\\utils.js:298:28)\n    at new Promise (<anonymous>)\n    at callAsyncCircusFn (C:\\Users\\Anjali Varma\\Desktop\\coding\\MarwadTech\\backend\\node_modules\\jest-circus\\build\\utils.js:231:10)\n    at _callCircusTest (C:\\Users\\Anjali Varma\\Desktop\\coding\\MarwadTech\\backend\\node_modules\\jest-circus\\build\\run.js:316:40)\n    at _runTest (C:\\Users\\Anjali Varma\\Desktop\\coding\\MarwadTech\\backend\\node_modules\\jest-circus\\build\\run.js:252:3)\n    at _runTestsForDescribeBlock (C:\\Users\\Anjali Varma\\Desktop\\coding\\MarwadTech\\backend\\node_modules\\jest-circus\\build\\run.js:126:9)\n    at _runTestsForDescribeBlock (C:\\Users\\Anjali Varma\\Desktop\\coding\\MarwadTech\\backend\\node_modules\\jest-circus\\build\\run.js:121:9)\n    at _runTestsForDescribeBlock (C:\\Users\\Anjali Varma\\Desktop\\coding\\MarwadTech\\backend\\node_modules\\jest-circus\\build\\run.js:121:9)\n    at run (C:\\Users\\Anjali Varma\\Desktop\\coding\\MarwadTech\\backend\\node_modules\\jest-circus\\build\\run.js:71:3)\n    at runAndTransformResultsToJestFormat (C:\\Users\\Anjali Varma\\Desktop\\coding\\MarwadTech\\backend\\node_modules\\jest-circus\\build\\legacy-code-todo-rewrite\\jestAdapterInit.js:122:21)\n    at jestAdapter (C:\\Users\\Anjali Varma\\Desktop\\coding\\MarwadTech\\backend\\node_modules\\jest-circus\\build\\legacy-code-todo-rewrite\\jestAdapter.js:79:19)\n    at runTestInternal (C:\\Users\\Anjali Varma\\Desktop\\coding\\MarwadTech\\backend\\node_modules\\jest-runner\\build\\runTest.js:367:16)\n    at runTest (C:\\Users\\Anjali Varma\\Desktop\\coding\\MarwadTech\\backend\\node_modules\\jest-runner\\build\\runTest.js:444:34)"],"fullName":"AuthService login should throw error for specific invalid characters","invocations":1,"location":null,"numPassingAsserts":0,"retryReasons":[],"status":"failed","title":"should throw error for specific invalid characters"},{"ancestorTitles":["AuthService","login"],"duration":3,"failureDetails":[],"failureMessages":[],"fullName":"AuthService login should throw error if password is missing","invocations":1,"location":null,"numPassingAsserts":1,"retryReasons":[],"status":"passed","title":"should throw error if password is missing"},{"ancestorTitles":["AuthService","login"],"duration":2,"failureDetails":[],"failureMessages":[],"fullName":"AuthService login should throw error if password is not a string","invocations":1,"location":null,"numPassingAsserts":1,"retryReasons":[],"status":"passed","title":"should throw error if password is not a string"},{"ancestorTitles":["AuthService","login"],"duration":2,"failureDetails":[],"failureMessages":[],"fullName":"AuthService login should throw error if password is empty whitespace","invocations":1,"location":null,"numPassingAsserts":1,"retryReasons":[],"status":"passed","title":"should throw error if password is empty whitespace"},{"ancestorTitles":["AuthService","login"],"duration":12,"failureDetails":[],"failureMessages":[],"fullName":"AuthService login should throw error if password is too short","invocations":1,"location":null,"numPassingAsserts":1,"retryReasons":[],"status":"passed","title":"should throw error if password is too short"},{"ancestorTitles":["AuthService","login"],"duration":2,"failureDetails":[],"failureMessages":[],"fullName":"AuthService login should throw error if password is too long","invocations":1,"location":null,"numPassingAsserts":1,"retryReasons":[],"status":"passed","title":"should throw error if password is too long"},{"ancestorTitles":["AuthService","login"],"duration":5,"failureDetails":[],"failureMessages":[],"fullName":"AuthService login should throw error if user not found","invocations":1,"location":null,"numPassingAsserts":2,"retryReasons":[],"status":"passed","title":"should throw error if user not found"},{"ancestorTitles":["AuthService","login"],"duration":2,"failureDetails":[],"failureMessages":[],"fullName":"AuthService login should throw error if user is blocked","invocations":1,"location":null,"numPassingAsserts":1,"retryReasons":[],"status":"passed","title":"should throw error if user is blocked"},{"ancestorTitles":["AuthService","login"],"duration":1,"failureDetails":[],"failureMessages":[],"fullName":"AuthService login should throw error if user is unverified","invocations":1,"location":null,"numPassingAsserts":1,"retryReasons":[],"status":"passed","title":"should throw error if user is unverified"},{"ancestorTitles":["AuthService","login"],"duration":3,"failureDetails":[],"failureMessages":[],"fullName":"AuthService login should login successfully with valid credentials","invocations":1,"location":null,"numPassingAsserts":3,"retryReasons":[],"status":"passed","title":"should login successfully with valid credentials"}],"endTime":1770562271768,"message":"\u001b[1m\u001b[31m  \u001b[1m● \u001b[22m\u001b[1mAuthService › login › should throw error for specific invalid characters\u001b[39m\u001b[22m\n\n    \u001b[2mexpect(\u001b[22m\u001b[31mreceived\u001b[39m\u001b[2m).\u001b[22mrejects\u001b[2m.\u001b[22mtoThrow\u001b[2m(\u001b[22m\u001b[32mexpected\u001b[39m\u001b[2m)\u001b[22m\n\n    Expected substring: \u001b[32m\"Email invalid characters\"\u001b[39m\n    Received message:   \u001b[31m\"Email invalid format\"\u001b[39m\n\n        \u001b[0m \u001b[90m 24 |\u001b[39m         \u001b[36mconst\u001b[39m emailRegex \u001b[33m=\u001b[39m \u001b[35m/^[^\\s@]+@[^\\s@]+\\.[^\\s@]+$/\u001b[39m\u001b[33m;\u001b[39m\n         \u001b[90m 25 |\u001b[39m         \u001b[36mif\u001b[39m (\u001b[33m!\u001b[39memailRegex\u001b[33m.\u001b[39mtest(email)) {\n        \u001b[31m\u001b[1m>\u001b[22m\u001b[39m\u001b[90m 26 |\u001b[39m             \u001b[36mthrow\u001b[39m \u001b[36mnew\u001b[39m \u001b[33mError\u001b[39m(\u001b[32m\"Email invalid format\"\u001b[39m)\u001b[33m;\u001b[39m\n         \u001b[90m    |\u001b[39m                   \u001b[31m\u001b[1m^\u001b[22m\u001b[39m\n         \u001b[90m 27 |\u001b[39m         }\n         \u001b[90m 28 |\u001b[39m         \u001b[36mif\u001b[39m (email\u001b[33m.\u001b[39mlength \u001b[33m>\u001b[39m \u001b[35m254\u001b[39m) {\n         \u001b[90m 29 |\u001b[39m             \u001b[36mthrow\u001b[39m \u001b[36mnew\u001b[39m \u001b[33mError\u001b[39m(\u001b[32m\"Email too long\"\u001b[39m)\u001b[33m;\u001b[39m\u001b[0m\n\n          \u001b[2mat AuthService.login (\u001b[22msrc/service/AuthService.ts\u001b[2m:26:19)\u001b[22m\n          \u001b[2mat Object.<anonymous> (\u001b[22mtests/service/AuthService.test.ts\u001b[2m:54:38)\u001b[22m\n\u001b[2m\u001b[22m\n\u001b[2m    \u001b[0m \u001b[90m 52 |\u001b[39m\u001b[22m\n\u001b[2m     \u001b[90m 53 |\u001b[39m         it(\u001b[32m'should throw error for specific invalid characters'\u001b[39m\u001b[33m,\u001b[39m \u001b[36masync\u001b[39m () \u001b[33m=>\u001b[39m {\u001b[22m\n\u001b[2m    \u001b[31m\u001b[1m>\u001b[22m\u001b[2m\u001b[39m\u001b[90m 54 |\u001b[39m             \u001b[36mawait\u001b[39m expect(authService\u001b[33m.\u001b[39mlogin(\u001b[32m'test <script>'\u001b[39m\u001b[33m,\u001b[39m \u001b[32m'password'\u001b[39m))\u001b[33m.\u001b[39mrejects\u001b[33m.\u001b[39mtoThrow(\u001b[32m'Email invalid characters'\u001b[39m)\u001b[33m;\u001b[39m\u001b[22m\n\u001b[2m     \u001b[90m    |\u001b[39m                                                                                  \u001b[31m\u001b[1m^\u001b[22m\u001b[2m\u001b[39m\u001b[22m\n\u001b[2m     \u001b[90m 55 |\u001b[39m         })\u001b[33m;\u001b[39m\u001b[22m\n\u001b[2m     \u001b[90m 56 |\u001b[39m\u001b[22m\n\u001b[2m     \u001b[90m 57 |\u001b[39m         \u001b[90m// ============================================\u001b[39m\u001b[0m\u001b[22m\n\u001b[2m\u001b[22m\n\u001b[2m      \u001b[2mat Object.toThrow (\u001b[22m\u001b[2mnode_modules/expect/build/index.js\u001b[2m:218:22)\u001b[22m\u001b[2m\u001b[22m\n\u001b[2m      \u001b[2mat Object.<anonymous> (\u001b[22m\u001b[2m\u001b[0m\u001b[36mtests/service/AuthService.test.ts\u001b[39m\u001b[0m\u001b[2m:54:82)\u001b[22m\u001b[2m\u001b[22m\n","name":"C:\\Users\\Anjali Varma\\Desktop\\coding\\MarwadTech\\backend\\tests\\service\\AuthService.test.ts","startTime":1770562268787,"status":"failed","summary":""}],"wasInterrupted":false}
